<?xml version="1.0" encoding="UTF-8"?>
<testng-results ignored="0" total="1" passed="1" failed="0" skipped="0">
  <reporter-output>
  </reporter-output>
  <suite started-at="2023-07-21T19:18:07 IST" name="Default suite" finished-at="2023-07-21T19:18:50 IST" duration-ms="42709">
    <groups>
    </groups>
    <test started-at="2023-07-21T19:18:07 IST" name="Default test" finished-at="2023-07-21T19:18:50 IST" duration-ms="42709">
      <class name="com.goodreads.testscript.BookModule">
        <test-method is-config="true" signature="openBrowser()[pri:0, instance:com.goodreads.testscript.BookModule@55183b20]" started-at="2023-07-21T19:18:07 IST" name="openBrowser" finished-at="2023-07-21T19:18:11 IST" duration-ms="3672" status="PASS">
          <reporter-output>
          </reporter-output>
        </test-method> <!-- openBrowser -->
        <test-method is-config="true" signature="login()[pri:0, instance:com.goodreads.testscript.BookModule@55183b20]" started-at="2023-07-21T19:18:11 IST" name="login" finished-at="2023-07-21T19:18:23 IST" duration-ms="11938" status="PASS">
          <reporter-output>
          </reporter-output>
        </test-method> <!-- login -->
        <test-method signature="testAddAndRemoveBook()[pri:0, instance:com.goodreads.testscript.BookModule@55183b20]" started-at="2023-07-21T19:18:23 IST" name="testAddAndRemoveBook" finished-at="2023-07-21T19:18:44 IST" duration-ms="20759" status="PASS">
          <reporter-output>
          </reporter-output>
        </test-method> <!-- testAddAndRemoveBook -->
        <test-method is-config="true" signature="logout()[pri:0, instance:com.goodreads.testscript.BookModule@55183b20]" started-at="2023-07-21T19:18:44 IST" name="logout" finished-at="2023-07-21T19:18:49 IST" duration-ms="5802" status="PASS">
          <reporter-output>
          </reporter-output>
        </test-method> <!-- logout -->
        <test-method is-config="true" signature="closeBrowser()[pri:0, instance:com.goodreads.testscript.BookModule@55183b20]" started-at="2023-07-21T19:18:49 IST" name="closeBrowser" finished-at="2023-07-21T19:18:50 IST" duration-ms="466" status="PASS">
          <reporter-output>
          </reporter-output>
        </test-method> <!-- closeBrowser -->
      </class> <!-- com.goodreads.testscript.BookModule -->
    </test> <!-- Default test -->
  </suite> <!-- Default suite -->
</testng-results>
